<?xml version="1.0" encoding="UTF-8"?>
<!-- Generated by org.testng.reporters.JUnitXMLReporter -->
<testsuite hostname="10407-LAP-0146" ignored="0" name="Submit Order Test" tests="1" failures="0" timestamp="01 Jun 2023 10:09:40 GMT" time="0.313" errors="0">
  <testcase name="@BeforeTest launchApplication" time="0.106" classname="KalyaniAcademy.TestComponents.BaseTest">
    <failure type="java.lang.Error" message="Unresolved compilation problem: 
	The method implicitlyWait(long, TimeUnit) in the type WebDriver.Timeouts is not applicable for the arguments (Duration)
">
      <![CDATA[java.lang.Error: Unresolved compilation problem: 
	The method implicitlyWait(long, TimeUnit) in the type WebDriver.Timeouts is not applicable for the arguments (Duration)

	at KalyaniAcademy.TestComponents.BaseTest.initializeDriver(BaseTest.java:48)
	at KalyaniAcademy.TestComponents.BaseTest.launchApplication(BaseTest.java:55)
	at java.util.concurrent.FutureTask.run(FutureTask.java:266)
	at java.util.concurrent.ThreadPoolExecutor.runWorker(ThreadPoolExecutor.java:1149)
	at java.util.concurrent.ThreadPoolExecutor$Worker.run(ThreadPoolExecutor.java:624)
	at java.lang.Thread.run(Thread.java:748)
... Removed 14 stack frames]]>
    </failure>
  </testcase> <!-- @BeforeTest launchApplication -->
  <testcase name="@AfterTest teardown" time="0.001" classname="KalyaniAcademy.TestComponents.BaseTest">
    <failure type="java.lang.NullPointerException">
      <![CDATA[java.lang.NullPointerException
	at KalyaniAcademy.TestComponents.BaseTest.teardown(BaseTest.java:63)
	at java.util.concurrent.FutureTask.run(FutureTask.java:266)
	at java.util.concurrent.ThreadPoolExecutor.runWorker(ThreadPoolExecutor.java:1149)
	at java.util.concurrent.ThreadPoolExecutor$Worker.run(ThreadPoolExecutor.java:624)
	at java.lang.Thread.run(Thread.java:748)
... Removed 14 stack frames]]>
    </failure>
  </testcase> <!-- @AfterTest teardown -->
  <testcase name="SubmitOrder" time="0.001" classname="KalyaniAcademy.tests.SubmitOrderTest">
    <skipped/>
  </testcase> <!-- SubmitOrder -->
</testsuite> <!-- Submit Order Test -->
